<?xml version="1.0" encoding="UTF-8"?>
<testng-results ignored="0" total="5" passed="5" failed="0" skipped="0">
  <reporter-output>
  </reporter-output>
  <suite started-at="2024-10-05T11:00:23Z" name="Default suite" finished-at="2024-10-05T11:00:23Z" duration-ms="73">
    <groups>
    </groups>
    <test started-at="2024-10-05T11:00:23Z" name="Default test" finished-at="2024-10-05T11:00:23Z" duration-ms="73">
      <class name="testngsession.PriorityTest">
        <test-method signature="D()[pri:-2, instance:testngsession.PriorityTest@7fbdb894]" started-at="2024-10-05T11:00:23Z" name="D" finished-at="2024-10-05T11:00:23Z" duration-ms="11" status="PASS">
          <reporter-output>
          </reporter-output>
        </test-method> <!-- D -->
        <test-method signature="C()[pri:-1, instance:testngsession.PriorityTest@7fbdb894]" started-at="2024-10-05T11:00:23Z" name="C" finished-at="2024-10-05T11:00:23Z" duration-ms="2" status="PASS">
          <reporter-output>
          </reporter-output>
        </test-method> <!-- C -->
        <test-method signature="B()[pri:1, instance:testngsession.PriorityTest@7fbdb894]" started-at="2024-10-05T11:00:23Z" name="B" finished-at="2024-10-05T11:00:23Z" duration-ms="3" status="PASS">
          <reporter-output>
          </reporter-output>
        </test-method> <!-- B -->
        <test-method signature="A()[pri:2, instance:testngsession.PriorityTest@7fbdb894]" started-at="2024-10-05T11:00:23Z" name="A" finished-at="2024-10-05T11:00:23Z" duration-ms="2" status="PASS">
          <reporter-output>
          </reporter-output>
        </test-method> <!-- A -->
        <test-method signature="E()[pri:2, instance:testngsession.PriorityTest@7fbdb894]" started-at="2024-10-05T11:00:23Z" name="E" finished-at="2024-10-05T11:00:23Z" duration-ms="4" status="PASS">
          <reporter-output>
          </reporter-output>
        </test-method> <!-- E -->
      </class> <!-- testngsession.PriorityTest -->
    </test> <!-- Default test -->
  </suite> <!-- Default suite -->
</testng-results>
